This is XeTeX, Version 3.14159265-2.6-0.999992 (MiKTeX 2.9.7300 64-bit) (preloaded format=xelatex 2020.3.16)  26 APR 2020 23:30
entering extended mode
**./TP1.tex
(TP1.tex
LaTeX2e <2020-02-02> patch level 4
L3 programming layer <2020-02-21>
("C:\Users\nunin\AppData\Local\Programs\MiKTeX 2.9\tex/latex/base\article.cls"
Document Class: article 2019/12/20 v1.4l Standard LaTeX document class
("C:\Users\nunin\AppData\Local\Programs\MiKTeX 2.9\tex/latex/base\size11.clo"
File: size11.clo 2019/12/20 v1.4l Standard LaTeX file (size option)
)
\c@part=\count163
\c@section=\count164
\c@subsection=\count165
\c@subsubsection=\count166
\c@paragraph=\count167
\c@subparagraph=\count168
\c@figure=\count169
\c@table=\count170
\abovecaptionskip=\skip47
\belowcaptionskip=\skip48
\bibindent=\dimen134
) ("C:\Users\nunin\AppData\Local\Programs\MiKTeX 2.9\tex/latex/base\inputenc.st
y"
Package: inputenc 2018/08/11 v1.3c Input encoding file
\inpenc@prehook=\toks14
\inpenc@posthook=\toks15


Package inputenc Warning: inputenc package ignored with utf8 based engines.

) ("C:\Users\nunin\AppData\Local\Programs\MiKTeX 2.9\tex/latex/base\fontenc.sty
"
Package: fontenc 2020/02/11 v2.0o Standard LaTeX package
LaTeX Font Info:    Trying to load font information for T1+lmr on input line 11
2.
 ("C:\Users\nunin\AppData\Local\Programs\MiKTeX 2.9\tex/latex/lm\t1lmr.fd"
File: t1lmr.fd 2009/10/30 v1.6 Font defs for Latin Modern
))
("C:\Users\nunin\AppData\Local\Programs\MiKTeX 2.9\tex/latex/graphics\graphicx.
sty"
Package: graphicx 2019/11/30 v1.2a Enhanced LaTeX Graphics (DPC,SPQR)

("C:\Users\nunin\AppData\Local\Programs\MiKTeX 2.9\tex/latex/graphics\keyval.st
y"
Package: keyval 2014/10/28 v1.15 key=value parser (DPC)
\KV@toks@=\toks16
)
("C:\Users\nunin\AppData\Local\Programs\MiKTeX 2.9\tex/latex/graphics\graphics.
sty"
Package: graphics 2019/11/30 v1.4a Standard LaTeX Graphics (DPC,SPQR)

("C:\Users\nunin\AppData\Local\Programs\MiKTeX 2.9\tex/latex/graphics\trig.sty"
Package: trig 2016/01/03 v1.10 sin cos tan (DPC)
)
("C:\Users\nunin\AppData\Local\Programs\MiKTeX 2.9\tex/latex/graphics-cfg\graph
ics.cfg"
File: graphics.cfg 2016/06/04 v1.11 sample graphics configuration
)
Package graphics Info: Driver file: xetex.def on input line 105.

("C:\Users\nunin\AppData\Local\Programs\MiKTeX 2.9\tex/latex/graphics-def\xetex
.def"
File: xetex.def 2017/06/24 v5.0h Graphics/color driver for xetex
))
\Gin@req@height=\dimen135
\Gin@req@width=\dimen136
)
("C:\Users\nunin\AppData\Local\Programs\MiKTeX 2.9\tex/generic/babel\babel.sty"
Package: babel 2020/02/14 3.40 The Babel package
("C:\Users\nunin\AppData\Local\Programs\MiKTeX 2.9\tex/generic/babel\switch.def
"
File: switch.def 2020/02/14 3.40 Babel switching mechanism
)
*************************************
* Local config file bblopts.cfg used
*
("C:\Users\nunin\AppData\Local\Programs\MiKTeX 2.9\tex/latex/arabi\bblopts.cfg"
File: bblopts.cfg 2005/09/08 v0.1 add Arabic and Farsi to "declared" options of
 babel
)
("C:\Users\nunin\AppData\Local\Programs\MiKTeX 2.9\tex/latex/babel-portuges\por
tuges.ldf"
Language: portuges 2008/03/18 v1.2q Portuguese support from the babel system

("C:\Users\nunin\AppData\Local\Programs\MiKTeX 2.9\tex/generic/babel\babel.def"
File: babel.def 2020/02/14 3.40 Babel common definitions
\babel@savecnt=\count171
\U@D=\dimen137

("C:\Users\nunin\AppData\Local\Programs\MiKTeX 2.9\tex/generic/babel\xebabel.de
f"
("C:\Users\nunin\AppData\Local\Programs\MiKTeX 2.9\tex/generic/babel\txtbabel.d
ef"))
\bbl@readstream=\read2
\bbl@dirlevel=\count172
)
Package babel Info: Making " an active character on input line 145.
))
("C:\Users\nunin\AppData\Local\Programs\MiKTeX 2.9\tex/latex/geometry\geometry.
sty"
Package: geometry 2020/01/02 v5.9 Page Geometry

("C:\Users\nunin\AppData\Local\Programs\MiKTeX 2.9\tex/generic/iftex\ifvtex.sty
"
Package: ifvtex 2019/10/25 v1.7 ifvtex legacy package. Use iftex instead.
 ("C:\Users\nunin\AppData\Local\Programs\MiKTeX 2.9\tex/generic/iftex\iftex.sty
"
Package: iftex 2019/11/07 v1.0c TeX engine tests
))
\Gm@cnth=\count173
\Gm@cntv=\count174
\c@Gm@tempcnt=\count175
\Gm@bindingoffset=\dimen138
\Gm@wd@mp=\dimen139
\Gm@odd@mp=\dimen140
\Gm@even@mp=\dimen141
\Gm@layoutwidth=\dimen142
\Gm@layoutheight=\dimen143
\Gm@layouthoffset=\dimen144
\Gm@layoutvoffset=\dimen145
\Gm@dimlist=\toks17

("C:\Users\nunin\AppData\Local\Programs\MiKTeX 2.9\tex/xelatex/xetexconfig\geom
etry.cfg"))
("C:\Users\nunin\AppData\Local\Programs\MiKTeX 2.9\tex/latex/listings\listings.
sty"
\lst@mode=\count176
\lst@gtempboxa=\box45
\lst@token=\toks18
\lst@length=\count177
\lst@currlwidth=\dimen146
\lst@column=\count178
\lst@pos=\count179
\lst@lostspace=\dimen147
\lst@width=\dimen148
\lst@newlines=\count180
\lst@lineno=\count181
\lst@maxwidth=\dimen149

("C:\Users\nunin\AppData\Local\Programs\MiKTeX 2.9\tex/latex/listings\lstmisc.s
ty"
File: lstmisc.sty 2019/09/10 1.8c (Carsten Heinz)
\c@lstnumber=\count182
\lst@skipnumbers=\count183
\lst@framebox=\box46
)
("C:\Users\nunin\AppData\Local\Programs\MiKTeX 2.9\tex/latex/listings\listings.
cfg"
File: listings.cfg 2019/09/10 1.8c listings configuration
))
Package: listings 2019/09/10 1.8c (Carsten Heinz)

("C:\Users\nunin\AppData\Local\Programs\MiKTeX 2.9\tex/latex/hyperref\hyperref.
sty"
Package: hyperref 2020/01/14 v7.00d Hypertext links for LaTeX

("C:\Users\nunin\AppData\Local\Programs\MiKTeX 2.9\tex/generic/ltxcmds\ltxcmds.
sty"
Package: ltxcmds 2019/12/15 v1.24 LaTeX kernel commands for general use (HO)
)
("C:\Users\nunin\AppData\Local\Programs\MiKTeX 2.9\tex/latex/pdftexcmds\pdftexc
mds.sty"
Package: pdftexcmds 2019/11/24 v0.31 Utility functions of pdfTeX for LuaTeX (HO
)

("C:\Users\nunin\AppData\Local\Programs\MiKTeX 2.9\tex/generic/infwarerr\infwar
err.sty"
Package: infwarerr 2019/12/03 v1.5 Providing info/warning/error messages (HO)
)
Package pdftexcmds Info: \pdf@primitive is available.
Package pdftexcmds Info: \pdf@ifprimitive is available.
Package pdftexcmds Info: \pdfdraftmode not found.
)
("C:\Users\nunin\AppData\Local\Programs\MiKTeX 2.9\tex/generic/kvsetkeys\kvsetk
eys.sty"
Package: kvsetkeys 2019/12/15 v1.18 Key value parser (HO)
)
("C:\Users\nunin\AppData\Local\Programs\MiKTeX 2.9\tex/generic/kvdefinekeys\kvd
efinekeys.sty"
Package: kvdefinekeys 2019-12-19 v1.6 Define keys (HO)
)
("C:\Users\nunin\AppData\Local\Programs\MiKTeX 2.9\tex/generic/pdfescape\pdfesc
ape.sty"
Package: pdfescape 2019/12/09 v1.15 Implements pdfTeX's escape features (HO)
)
("C:\Users\nunin\AppData\Local\Programs\MiKTeX 2.9\tex/latex/hycolor\hycolor.st
y"
Package: hycolor 2020-01-27 v1.10 Color options for hyperref/bookmark (HO)
)
("C:\Users\nunin\AppData\Local\Programs\MiKTeX 2.9\tex/latex/letltxmacro\letltx
macro.sty"
Package: letltxmacro 2019/12/03 v1.6 Let assignment for LaTeX macros (HO)
)
("C:\Users\nunin\AppData\Local\Programs\MiKTeX 2.9\tex/latex/auxhook\auxhook.st
y"
Package: auxhook 2019-12-17 v1.6 Hooks for auxiliary files (HO)
)
("C:\Users\nunin\AppData\Local\Programs\MiKTeX 2.9\tex/latex/kvoptions\kvoption
s.sty"
Package: kvoptions 2019/11/29 v3.13 Key value format for package options (HO)
)
\@linkdim=\dimen150
\Hy@linkcounter=\count184
\Hy@pagecounter=\count185

("C:\Users\nunin\AppData\Local\Programs\MiKTeX 2.9\tex/latex/hyperref\pd1enc.de
f"
File: pd1enc.def 2020/01/14 v7.00d Hyperref: PDFDocEncoding definition (HO)
)
("C:\Users\nunin\AppData\Local\Programs\MiKTeX 2.9\tex/generic/intcalc\intcalc.
sty"
Package: intcalc 2019/12/15 v1.3 Expandable calculations with integers (HO)
)
("C:\Users\nunin\AppData\Local\Programs\MiKTeX 2.9\tex/generic/etexcmds\etexcmd
s.sty"
Package: etexcmds 2019/12/15 v1.7 Avoid name clashes with e-TeX commands (HO)
)
\Hy@SavedSpaceFactor=\count186
Package hyperref Info: Hyper figures OFF on input line 4547.
Package hyperref Info: Link nesting OFF on input line 4552.
Package hyperref Info: Hyper index ON on input line 4555.
Package hyperref Info: Plain pages OFF on input line 4562.
Package hyperref Info: Backreferencing OFF on input line 4567.
Package hyperref Info: Implicit mode ON; LaTeX internals redefined.
Package hyperref Info: Bookmarks ON on input line 4800.
\c@Hy@tempcnt=\count187
 ("C:\Users\nunin\AppData\Local\Programs\MiKTeX 2.9\tex/latex/url\url.sty"
\Urlmuskip=\muskip16
Package: url 2013/09/16  ver 3.4  Verb mode for urls, etc.
)
LaTeX Info: Redefining \url on input line 5159.
\XeTeXLinkMargin=\dimen151

("C:\Users\nunin\AppData\Local\Programs\MiKTeX 2.9\tex/generic/bitset\bitset.st
y"
Package: bitset 2019/12/09 v1.3 Handle bit-vector datatype (HO)

("C:\Users\nunin\AppData\Local\Programs\MiKTeX 2.9\tex/generic/bigintcalc\bigin
tcalc.sty"
Package: bigintcalc 2019/12/15 v1.5 Expandable calculations on big integers (HO
)
))
\Fld@menulength=\count188
\Field@Width=\dimen152
\Fld@charsize=\dimen153
Package hyperref Info: Hyper figures OFF on input line 6430.
Package hyperref Info: Link nesting OFF on input line 6435.
Package hyperref Info: Hyper index ON on input line 6438.
Package hyperref Info: backreferencing OFF on input line 6445.
Package hyperref Info: Link coloring OFF on input line 6450.
Package hyperref Info: Link coloring with OCG OFF on input line 6455.
Package hyperref Info: PDF/A mode OFF on input line 6460.
LaTeX Info: Redefining \ref on input line 6500.
LaTeX Info: Redefining \pageref on input line 6504.

("C:\Users\nunin\AppData\Local\Programs\MiKTeX 2.9\tex/generic/atbegshi\atbegsh
i.sty"
Package: atbegshi 2019/12/05 v1.19 At begin shipout hook (HO)
)
\Hy@abspage=\count189
\c@Item=\count190
\c@Hfootnote=\count191
)
Package hyperref Info: Driver (autodetected): hxetex.

("C:\Users\nunin\AppData\Local\Programs\MiKTeX 2.9\tex/latex/hyperref\hxetex.de
f"
File: hxetex.def 2020/01/14 v7.00d Hyperref driver for XeTeX

("C:\Users\nunin\AppData\Local\Programs\MiKTeX 2.9\tex/latex/hyperref\puenc.def
"
File: puenc.def 2020/01/14 v7.00d Hyperref: PDF Unicode definition (HO)
)
("C:\Users\nunin\AppData\Local\Programs\MiKTeX 2.9\tex/generic/stringenc\string
enc.sty"
Package: stringenc 2019/11/29 v1.12 Convert strings between diff. encodings (HO
)
)
\pdfm@box=\box47
\c@Hy@AnnotLevel=\count192
\HyField@AnnotCount=\count193
\Fld@listcount=\count194
\c@bookmark@seq@number=\count195

("C:\Users\nunin\AppData\Local\Programs\MiKTeX 2.9\tex/latex/rerunfilecheck\rer
unfilecheck.sty"
Package: rerunfilecheck 2019/12/05 v1.9 Rerun checks for auxiliary files (HO)

("C:\Users\nunin\AppData\Local\Programs\MiKTeX 2.9\tex/latex/atveryend\atveryen
d.sty"
Package: atveryend 2019-12-11 v1.11 Hooks at the very end of document (HO)
Package atveryend Info: \enddocument detected (standard20110627).
)
("C:\Users\nunin\AppData\Local\Programs\MiKTeX 2.9\tex/generic/uniquecounter\un
iquecounter.sty"
Package: uniquecounter 2019/12/15 v1.4 Provide unlimited unique counter (HO)
)
Package uniquecounter Info: New unique counter `rerunfilecheck' on input line 2
86.
)
\Hy@SectionHShift=\skip49
)
("C:\Users\nunin\AppData\Local\Programs\MiKTeX 2.9\tex/latex/bookmark\bookmark.
sty"
Package: bookmark 2019/12/03 v1.28 PDF bookmarks (HO)

("C:\Users\nunin\AppData\Local\Programs\MiKTeX 2.9\tex/latex/bookmark\bkm-dvipd
fm.def"
File: bkm-dvipdfm.def 2019/12/03 v1.28 bookmark driver for dvipdfm (HO)
\BKM@id=\count196
))
("C:\Users\nunin\AppData\Local\Programs\MiKTeX 2.9\tex/latex/float\float.sty"
Package: float 2001/11/08 v1.3d Float enhancements (AL)
\c@float@type=\count197
\float@exts=\toks19
\float@box=\box48
\@float@everytoks=\toks20
\@floatcapt=\box49
)
("C:\Users\nunin\AppData\Local\Programs\MiKTeX 2.9\tex/latex/l3backend\l3backen
d-xdvipdfmx.def"
File: l3backend-xdvipdfmx.def 2020-02-23 L3 backend support: xdvipdfmx
\g__graphics_track_int=\count198
\l__pdf_internal_box=\box50
\g__pdf_backend_object_int=\count199
\g__pdf_backend_annotation_int=\count266
) (TP1.aux

LaTeX Warning: Label `figura5' multiply defined.


LaTeX Warning: Label `figura8' multiply defined.


LaTeX Warning: Label `figura9' multiply defined.


LaTeX Warning: Label `figura10' multiply defined.


LaTeX Warning: Label `figura11' multiply defined.


LaTeX Warning: Label `figura8' multiply defined.


LaTeX Warning: Label `figura9' multiply defined.


LaTeX Warning: Label `figura10' multiply defined.


LaTeX Warning: Label `figura11' multiply defined.


LaTeX Warning: Label `figura' multiply defined.


LaTeX Warning: Label `figura8' multiply defined.


LaTeX Warning: Label `figura9' multiply defined.


LaTeX Warning: Label `figura10' multiply defined.


LaTeX Warning: Label `figura11' multiply defined.


LaTeX Warning: Label `figura' multiply defined.


LaTeX Warning: Label `figura8' multiply defined.


LaTeX Warning: Label `figura9' multiply defined.


LaTeX Warning: Label `figura10' multiply defined.


LaTeX Warning: Label `figura11' multiply defined.


LaTeX Warning: Label `figura' multiply defined.


LaTeX Warning: Label `figura8' multiply defined.


LaTeX Warning: Label `figura9' multiply defined.


LaTeX Warning: Label `figura10' multiply defined.


LaTeX Warning: Label `figura11' multiply defined.


LaTeX Warning: Label `figura' multiply defined.


LaTeX Warning: Label `figura8' multiply defined.


LaTeX Warning: Label `figura9' multiply defined.


LaTeX Warning: Label `figura10' multiply defined.


LaTeX Warning: Label `figura11' multiply defined.


LaTeX Warning: Label `figura' multiply defined.

)
\openout1 = `TP1.aux'.

LaTeX Font Info:    Checking defaults for OML/cmm/m/it on input line 12.
LaTeX Font Info:    ... okay on input line 12.
LaTeX Font Info:    Checking defaults for OMS/cmsy/m/n on input line 12.
LaTeX Font Info:    ... okay on input line 12.
LaTeX Font Info:    Checking defaults for OT1/cmr/m/n on input line 12.
LaTeX Font Info:    ... okay on input line 12.
LaTeX Font Info:    Checking defaults for T1/cmr/m/n on input line 12.
LaTeX Font Info:    ... okay on input line 12.
LaTeX Font Info:    Checking defaults for TS1/cmr/m/n on input line 12.
LaTeX Font Info:    Trying to load font information for TS1+cmr on input line 1
2.
 ("C:\Users\nunin\AppData\Local\Programs\MiKTeX 2.9\tex/latex/base\ts1cmr.fd"
File: ts1cmr.fd 2019/12/16 v2.5j Standard LaTeX font definitions
)
LaTeX Font Info:    ... okay on input line 12.
LaTeX Font Info:    Checking defaults for TU/lmr/m/n on input line 12.
LaTeX Font Info:    ... okay on input line 12.
LaTeX Font Info:    Checking defaults for OMX/cmex/m/n on input line 12.
LaTeX Font Info:    ... okay on input line 12.
LaTeX Font Info:    Checking defaults for U/cmr/m/n on input line 12.
LaTeX Font Info:    ... okay on input line 12.
LaTeX Font Info:    Checking defaults for PD1/pdf/m/n on input line 12.
LaTeX Font Info:    ... okay on input line 12.
LaTeX Font Info:    Checking defaults for PU/pdf/m/n on input line 12.
LaTeX Font Info:    ... okay on input line 12.
*geometry* detected driver: pdftex
*geometry* verbose mode - [ preamble ] result:
* driver: pdftex
* paper: <default>
* layout: <same size as paper>
* layoutoffset:(h,v)=(0.0pt,0.0pt)
* modes: 
* h-part:(L,W,R)=(92.14519pt, 430.00462pt, 92.14519pt)
* v-part:(T,H,B)=(95.39737pt, 556.47656pt, 143.09605pt)
* \paperwidth=614.295pt
* \paperheight=794.96999pt
* \textwidth=430.00462pt
* \textheight=556.47656pt
* \oddsidemargin=19.8752pt
* \evensidemargin=19.8752pt
* \topmargin=-13.87262pt
* \headheight=12.0pt
* \headsep=25.0pt
* \topskip=11.0pt
* \footskip=30.0pt
* \marginparwidth=59.0pt
* \marginparsep=10.0pt
* \columnsep=10.0pt
* \skip\footins=10.0pt plus 4.0pt minus 2.0pt
* \hoffset=0.0pt
* \voffset=0.0pt
* \mag=1000
* \@twocolumnfalse
* \@twosidefalse
* \@mparswitchfalse
* \@reversemarginfalse
* (1in=72.27pt=25.4mm, 1cm=28.453pt)

\c@lstlisting=\count267
\AtBeginShipoutBox=\box51
Package hyperref Info: Link coloring OFF on input line 12.

("C:\Users\nunin\AppData\Local\Programs\MiKTeX 2.9\tex/latex/hyperref\nameref.s
ty"
Package: nameref 2019/09/16 v2.46 Cross-referencing by name of section

("C:\Users\nunin\AppData\Local\Programs\MiKTeX 2.9\tex/latex/refcount\refcount.
sty"
Package: refcount 2019/12/15 v3.6 Data extraction from label references (HO)
)
("C:\Users\nunin\AppData\Local\Programs\MiKTeX 2.9\tex/generic/gettitlestring\g
ettitlestring.sty"
Package: gettitlestring 2019/12/15 v1.6 Cleanup title references (HO)
)
\c@section@level=\count268
)
LaTeX Info: Redefining \ref on input line 12.
LaTeX Info: Redefining \pageref on input line 12.
LaTeX Info: Redefining \nameref on input line 12.
LaTeX Font Info:    External font `cmex10' loaded for size
(Font)              <12> on input line 17.
LaTeX Font Info:    External font `cmex10' loaded for size
(Font)              <8> on input line 17.
LaTeX Font Info:    External font `cmex10' loaded for size
(Font)              <6> on input line 17.
 (TP1.toc
LaTeX Font Info:    External font `cmex10' loaded for size
(Font)              <10.95> on input line 4.
)
\tf@toc=\write3
\openout3 = `TP1.toc'.


("C:\Users\nunin\AppData\Local\Programs\MiKTeX 2.9\tex/generic/stringenc\se-asc
ii-print.def"
File: se-ascii-print.def 2019/11/29 v1.12 stringenc: Printable ASCII characters

) [1

] [2]
File: ./img/amostragem1.PNG Graphic file (type bmp)
<./img/amostragem1.PNG>
File: ./img/amostragem2.PNG Graphic file (type bmp)
<./img/amostragem2.PNG>
File: ./img/decimacao1.PNG Graphic file (type bmp)
<./img/decimacao1.PNG>
File: ./img/decimacao2.jpg Graphic file (type bmp)
<./img/decimacao2.jpg>
 [3]
File: ./img/aliasing1.jpg Graphic file (type bmp)
<./img/aliasing1.jpg>
 [4] [5]
File: ./img/elitico1.png Graphic file (type bmp)
<./img/elitico1.png>
 [6]
File: ./img/matlab1.png Graphic file (type bmp)
<./img/matlab1.png>

Overfull \hbox (53.69221pt too wide) in paragraph at lines 100--101
 [] 
 []

[7]
File: ./img/matlab2.png Graphic file (type bmp)
<./img/matlab2.png>
File: ./img/matlab3.png Graphic file (type bmp)
<./img/matlab3.png>

Overfull \hbox (25.23946pt too wide) in paragraph at lines 105--108
[][] 
 []

[8]
File: ./img/origis.png Graphic file (type bmp)
<./img/origis.png>

Overfull \hbox (5.66852pt too wide) in paragraph at lines 117--118
[][]
 []

File: ./img/origib.png Graphic file (type bmp)
<./img/origib.png>

Overfull \hbox (5.66852pt too wide) in paragraph at lines 122--123
[][]
 []

[9]
File: ./img/nfds2.png Graphic file (type bmp)
<./img/nfds2.png>

Overfull \hbox (19.8949pt too wide) in paragraph at lines 133--134
[][]
 []

File: ./img/nfdb2.png Graphic file (type bmp)
<./img/nfdb2.png>

Overfull \hbox (19.8949pt too wide) in paragraph at lines 138--139
[][]
 []

File: ./img/filtro2.png Graphic file (type bmp)
<./img/filtro2.png>
[10]
File: ./img/fds2.png Graphic file (type bmp)
<./img/fds2.png>

Overfull \hbox (5.66852pt too wide) in paragraph at lines 153--154
[][]
 []

File: ./img/fdb2.png Graphic file (type bmp)
<./img/fdb2.png>

Overfull \hbox (5.66852pt too wide) in paragraph at lines 158--159
[][]
 []

[11]
File: ./img/nfds3.png Graphic file (type bmp)
<./img/nfds3.png>

Overfull \hbox (19.8949pt too wide) in paragraph at lines 170--171
[][]
 []

File: ./img/nfdb3.png Graphic file (type bmp)
<./img/nfdb3.png>

Overfull \hbox (19.8949pt too wide) in paragraph at lines 175--176
[][]
 []

File: ./img/filtro3.png Graphic file (type bmp)
<./img/filtro3.png>
[12]
File: ./img/fds3.png Graphic file (type bmp)
<./img/fds3.png>

Overfull \hbox (5.66852pt too wide) in paragraph at lines 190--191
[][]
 []

File: ./img/fdb3.png Graphic file (type bmp)
<./img/fdb3.png>

Overfull \hbox (5.66852pt too wide) in paragraph at lines 195--196
[][]
 []

[13]
File: ./img/nfds4.png Graphic file (type bmp)
<./img/nfds4.png>

Overfull \hbox (19.8949pt too wide) in paragraph at lines 207--208
[][]
 []

File: ./img/nfdb4.png Graphic file (type bmp)
<./img/nfdb4.png>

Overfull \hbox (19.8949pt too wide) in paragraph at lines 212--213
[][]
 []

File: ./img/filtro4.png Graphic file (type bmp)
<./img/filtro4.png>
[14]
File: ./img/fds4.png Graphic file (type bmp)
<./img/fds4.png>

Overfull \hbox (5.66852pt too wide) in paragraph at lines 227--228
[][]
 []

File: ./img/fdb4.png Graphic file (type bmp)
<./img/fdb4.png>

Overfull \hbox (5.66852pt too wide) in paragraph at lines 232--233
[][]
 []

[15]
File: ./img/nfds5.png Graphic file (type bmp)
<./img/nfds5.png>

Overfull \hbox (19.8949pt too wide) in paragraph at lines 245--246
[][]
 []

File: ./img/nfdb5.png Graphic file (type bmp)
<./img/nfdb5.png>

Overfull \hbox (19.8949pt too wide) in paragraph at lines 250--251
[][]
 []

File: ./img/filtro5.png Graphic file (type bmp)
<./img/filtro5.png>
[16]
File: ./img/fds5.png Graphic file (type bmp)
<./img/fds5.png>

Overfull \hbox (5.66852pt too wide) in paragraph at lines 265--266
[][]
 []

File: ./img/fdb5.png Graphic file (type bmp)
<./img/fdb5.png>

Overfull \hbox (5.66852pt too wide) in paragraph at lines 270--271
[][]
 []

[17]
File: ./img/nfds6.png Graphic file (type bmp)
<./img/nfds6.png>

Overfull \hbox (19.8949pt too wide) in paragraph at lines 283--284
[][]
 []

File: ./img/nfdb6.png Graphic file (type bmp)
<./img/nfdb6.png>

Overfull \hbox (19.8949pt too wide) in paragraph at lines 288--289
[][]
 []

File: ./img/filtro6.png Graphic file (type bmp)
<./img/filtro6.png>
[18]
File: ./img/fds6.png Graphic file (type bmp)
<./img/fds6.png>

Overfull \hbox (5.66852pt too wide) in paragraph at lines 303--304
[][]
 []

File: ./img/fdb6.png Graphic file (type bmp)
<./img/fdb6.png>

Overfull \hbox (5.66852pt too wide) in paragraph at lines 308--309
[][]
 []

[19]
File: ./img/nfds7.png Graphic file (type bmp)
<./img/nfds7.png>

Overfull \hbox (19.8949pt too wide) in paragraph at lines 321--322
[][]
 []

File: ./img/nfdb7.png Graphic file (type bmp)
<./img/nfdb7.png>

Overfull \hbox (19.8949pt too wide) in paragraph at lines 326--327
[][]
 []

File: ./img/filtro7.png Graphic file (type bmp)
<./img/filtro7.png>
[20]
File: ./img/fds7.png Graphic file (type bmp)
<./img/fds7.png>

Overfull \hbox (5.66852pt too wide) in paragraph at lines 341--342
[][]
 []

File: ./img/fdb7.png Graphic file (type bmp)
<./img/fdb7.png>

Overfull \hbox (5.66852pt too wide) in paragraph at lines 346--347
[][]
 []

[21]
File: ./img/nfds8.png Graphic file (type bmp)
<./img/nfds8.png>

Overfull \hbox (19.8949pt too wide) in paragraph at lines 359--360
[][]
 []

File: ./img/nfdb8.png Graphic file (type bmp)
<./img/nfdb8.png>

Overfull \hbox (19.8949pt too wide) in paragraph at lines 364--365
[][]
 []

File: ./img/filtro8.png Graphic file (type bmp)
<./img/filtro8.png>
[22]
File: ./img/fds8.png Graphic file (type bmp)
<./img/fds8.png>

Overfull \hbox (5.66852pt too wide) in paragraph at lines 379--380
[][]
 []

File: ./img/fdb8.png Graphic file (type bmp)
<./img/fdb8.png>

Overfull \hbox (5.66852pt too wide) in paragraph at lines 384--385
[][]
 []

[23]
Underfull \hbox (badness 10000) in paragraph at lines 393--397

 []

Package atveryend Info: Empty hook `BeforeClearDocument' on input line 402.
[24]
Package atveryend Info: Empty hook `AfterLastShipout' on input line 402.
 (TP1.aux)
Package atveryend Info: Empty hook `AtVeryEndDocument' on input line 402.
Package atveryend Info: Empty hook `AtEndAfterFileList' on input line 402.


LaTeX Warning: There were multiply-defined labels.

Package atveryend Info: Empty hook `AtVeryVeryEnd' on input line 402.
 ) 
Here is how much of TeX's memory you used:
 11183 strings out of 414566
 160415 string characters out of 2905484
 432982 words of memory out of 3000000
 28163 multiletter control sequences out of 15000+200000
 557717 words of font info for 46 fonts, out of 3000000 for 9000
 1348 hyphenation exceptions out of 8191
 34i,6n,42p,591b,335s stack positions out of 5000i,500n,10000p,200000b,50000s

Output written on TP1.pdf (24 pages).
